[0m20:51:56.467283 [debug] [MainThread]: Sending event: {'category': 'dbt', 'action': 'invocation', 'label': 'start', 'context': [<snowplow_tracker.self_describing_json.SelfDescribingJson object at 0x7b6ab35c7250>, <snowplow_tracker.self_describing_json.SelfDescribingJson object at 0x7b6ab21f1f90>, <snowplow_tracker.self_describing_json.SelfDescribingJson object at 0x7b6ab3d3aa70>]}


============================== 20:51:56.473629 | 0ab84147-269a-405d-8e0a-6fab3fa9ddc3 ==============================
[0m20:51:56.473629 [info ] [MainThread]: Running with dbt=1.7.14
[0m20:51:56.483184 [debug] [MainThread]: running dbt with arguments {'printer_width': '80', 'indirect_selection': 'eager', 'write_json': 'True', 'log_cache_events': 'False', 'partial_parse': 'True', 'cache_selected_only': 'False', 'profiles_dir': '/home/b/.dbt', 'version_check': 'True', 'debug': 'False', 'log_path': 'logs', 'fail_fast': 'False', 'warn_error': 'None', 'use_colors': 'True', 'use_experimental_parser': 'False', 'no_print': 'None', 'quiet': 'False', 'warn_error_options': 'WarnErrorOptions(include=[], exclude=[])', 'static_parser': 'True', 'introspect': 'True', 'invocation_command': 'dbt init', 'target_path': 'None', 'log_format': 'default', 'send_anonymous_usage_stats': 'True'}
[0m20:52:11.921892 [debug] [MainThread]: Starter project path: /home/b/Documents/week2/myenv3/lib/python3.10/site-packages/dbt/include/starter_project
[0m20:52:11.936445 [info ] [MainThread]: 
Your new dbt project "traffic_data_dbt" was created!

For more information on how to configure the profiles.yml file,
please consult the dbt documentation here:

  https://docs.getdbt.com/docs/configure-your-profile

One more thing:

Need help? Don't hesitate to reach out to us via GitHub issues or on Slack:

  https://community.getdbt.com/

Happy modeling!

[0m20:52:11.938055 [info ] [MainThread]: Setting up your profile.
[0m20:55:27.180865 [info ] [MainThread]: Profile traffic_data_dbt written to /home/b/.dbt/profiles.yml using target's profile_template.yml and your supplied values. Run 'dbt debug' to validate the connection.
[0m20:55:27.189314 [debug] [MainThread]: Resource report: {"command_name": "init", "command_success": true, "command_wall_clock_time": 210.80908, "process_user_time": 3.76949, "process_kernel_time": 0.320807, "process_mem_max_rss": "93400", "process_in_blocks": "74968", "process_out_blocks": "80"}
[0m20:55:27.191055 [debug] [MainThread]: Command `dbt init` succeeded at 20:55:27.190559 after 210.81 seconds
[0m20:55:27.192729 [debug] [MainThread]: Sending event: {'category': 'dbt', 'action': 'invocation', 'label': 'end', 'context': [<snowplow_tracker.self_describing_json.SelfDescribingJson object at 0x7b6ab35c7250>, <snowplow_tracker.self_describing_json.SelfDescribingJson object at 0x7b6ab3dc1e40>, <snowplow_tracker.self_describing_json.SelfDescribingJson object at 0x7b6ab1a43b20>]}
[0m20:55:27.198472 [debug] [MainThread]: Flushing usage events
[0m21:00:39.537719 [debug] [MainThread]: Sending event: {'category': 'dbt', 'action': 'invocation', 'label': 'start', 'context': [<snowplow_tracker.self_describing_json.SelfDescribingJson object at 0x77b057febf70>, <snowplow_tracker.self_describing_json.SelfDescribingJson object at 0x77b0568f1f90>, <snowplow_tracker.self_describing_json.SelfDescribingJson object at 0x77b05843a410>]}


============================== 21:00:39.542342 | bf12a2ce-b0fa-4ec6-971e-8eff1236a0e0 ==============================
[0m21:00:39.542342 [info ] [MainThread]: Running with dbt=1.7.14
[0m21:00:39.543775 [debug] [MainThread]: running dbt with arguments {'printer_width': '80', 'indirect_selection': 'eager', 'log_cache_events': 'False', 'write_json': 'True', 'partial_parse': 'True', 'cache_selected_only': 'False', 'warn_error': 'None', 'fail_fast': 'False', 'version_check': 'True', 'log_path': 'logs', 'debug': 'False', 'profiles_dir': '/home/b/.dbt', 'use_colors': 'True', 'use_experimental_parser': 'False', 'no_print': 'None', 'quiet': 'False', 'warn_error_options': 'WarnErrorOptions(include=[], exclude=[])', 'invocation_command': 'dbt debug', 'introspect': 'True', 'log_format': 'default', 'target_path': 'None', 'static_parser': 'True', 'send_anonymous_usage_stats': 'True'}
[0m21:00:39.545292 [info ] [MainThread]: dbt version: 1.7.14
[0m21:00:39.546334 [info ] [MainThread]: python version: 3.10.12
[0m21:00:39.547504 [info ] [MainThread]: python path: /home/b/Documents/week2/myenv3/bin/python3
[0m21:00:39.549767 [info ] [MainThread]: os info: Linux-6.5.0-28-generic-x86_64-with-glibc2.35
[0m21:00:39.675023 [info ] [MainThread]: Using profiles dir at /home/b/.dbt
[0m21:00:39.676591 [info ] [MainThread]: Using profiles.yml file at /home/b/.dbt/profiles.yml
[0m21:00:39.678063 [info ] [MainThread]: Using dbt_project.yml file at /home/b/Documents/week2/dbt_project.yml
[0m21:00:39.687801 [error] [MainThread]: Encountered an error:
Internal Error
  Profile should not be None if loading profile completed
[0m21:00:39.692271 [debug] [MainThread]: Resource report: {"command_name": "debug", "command_wall_clock_time": 0.2333632, "process_user_time": 3.655131, "process_kernel_time": 0.149671, "process_mem_max_rss": "93696", "process_out_blocks": "16", "command_success": false, "process_in_blocks": "0"}
[0m21:00:39.693947 [debug] [MainThread]: Command `dbt debug` failed at 21:00:39.693519 after 0.24 seconds
[0m21:00:39.695732 [debug] [MainThread]: Sending event: {'category': 'dbt', 'action': 'invocation', 'label': 'end', 'context': [<snowplow_tracker.self_describing_json.SelfDescribingJson object at 0x77b057febf70>, <snowplow_tracker.self_describing_json.SelfDescribingJson object at 0x77b0560abac0>, <snowplow_tracker.self_describing_json.SelfDescribingJson object at 0x77b0560aa5f0>]}
[0m21:00:39.697508 [debug] [MainThread]: Flushing usage events
[0m21:03:42.382621 [debug] [MainThread]: Sending event: {'category': 'dbt', 'action': 'invocation', 'label': 'start', 'context': [<snowplow_tracker.self_describing_json.SelfDescribingJson object at 0x78affb1a3250>, <snowplow_tracker.self_describing_json.SelfDescribingJson object at 0x78affb9fdc90>, <snowplow_tracker.self_describing_json.SelfDescribingJson object at 0x78affb9fe200>]}


============================== 21:03:42.387305 | 2131ae41-84f5-468d-a86e-49471f14379d ==============================
[0m21:03:42.387305 [info ] [MainThread]: Running with dbt=1.7.14
[0m21:03:42.388851 [debug] [MainThread]: running dbt with arguments {'printer_width': '80', 'indirect_selection': 'eager', 'log_cache_events': 'False', 'write_json': 'True', 'partial_parse': 'True', 'cache_selected_only': 'False', 'warn_error': 'None', 'debug': 'False', 'fail_fast': 'False', 'log_path': 'logs', 'profiles_dir': '/home/b/.dbt', 'version_check': 'True', 'use_colors': 'True', 'use_experimental_parser': 'False', 'no_print': 'None', 'quiet': 'False', 'log_format': 'default', 'invocation_command': 'dbt run', 'introspect': 'True', 'warn_error_options': 'WarnErrorOptions(include=[], exclude=[])', 'target_path': 'None', 'static_parser': 'True', 'send_anonymous_usage_stats': 'True'}
[0m21:03:42.390241 [error] [MainThread]: Encountered an error:
Runtime Error
  No dbt_project.yml found at expected path /home/b/Documents/week2/dbt_project.yml
  Verify that each entry within packages.yml (and their transitive dependencies) contains a file named dbt_project.yml
  
[0m21:03:42.391961 [debug] [MainThread]: Resource report: {"command_name": "run", "command_wall_clock_time": 0.092074245, "process_user_time": 3.52911, "process_kernel_time": 0.134734, "process_mem_max_rss": "89188", "process_in_blocks": "824", "process_out_blocks": "8", "command_success": false}
[0m21:03:42.393337 [debug] [MainThread]: Command `dbt run` failed at 21:03:42.392995 after 0.09 seconds
[0m21:03:42.394398 [debug] [MainThread]: Sending event: {'category': 'dbt', 'action': 'invocation', 'label': 'end', 'context': [<snowplow_tracker.self_describing_json.SelfDescribingJson object at 0x78affb1a3250>, <snowplow_tracker.self_describing_json.SelfDescribingJson object at 0x78affb9fdc90>, <snowplow_tracker.self_describing_json.SelfDescribingJson object at 0x78affb9fcc70>]}
[0m21:03:42.395656 [debug] [MainThread]: Flushing usage events
